DEBUG:root:Order:2 3 10.0
DEBUG:root:Finish turn

DEBUG:root:Order:2 4 10.0
DEBUG:root:Finish turn

DEBUG:root:Order:2 19 15.0
DEBUG:root:Finish turn

DEBUG:root:Order:2 20 15.0
DEBUG:root:Order:2 4 32
DEBUG:root:Finish turn

DEBUG:root:Order:2 15 20.0
DEBUG:root:Bad order:4 3.0 8
DEBUG:root:Finish turn

DEBUG:root:Order:2 16 20.0
DEBUG:root:Order:4 0 26.0
DEBUG:root:Order:4 2 4
DEBUG:root:Finish turn

DEBUG:root:Order:2 4 1
DEBUG:root:Finish turn

DEBUG:root:Order:2 19 12
DEBUG:root:Order:4 19 8
DEBUG:root:Finish turn

DEBUG:root:Order:2 19 3
DEBUG:root:Finish turn

DEBUG:root:Order:2 19 1
DEBUG:root:Order:2 4 2
DEBUG:root:Finish turn

DEBUG:root:Order:2 19 1
DEBUG:root:Finish turn

DEBUG:root:Order:2 15 12
DEBUG:root:Order:4 15 9
DEBUG:root:Bad order:19 5.0 6
DEBUG:root:Finish turn

DEBUG:root:Order:19 15 4
DEBUG:root:Order:2 15 2
DEBUG:root:Order:2 4 2
DEBUG:root:Finish turn

DEBUG:root:Finish turn

DEBUG:root:Order:2 19 3
DEBUG:root:Finish turn

DEBUG:root:Order:2 19 1
DEBUG:root:Order:2 4 2
DEBUG:root:Finish turn

DEBUG:root:Order:2 19 1
DEBUG:root:Finish turn

DEBUG:root:Order:2 19 2
DEBUG:root:Finish turn

DEBUG:root:Order:2 19 3
DEBUG:root:Order:2 4 1
DEBUG:root:Finish turn

DEBUG:root:Order:15 9 40.0
DEBUG:root:Order:2 15 11
DEBUG:root:Order:4 15 9
DEBUG:root:Order:19 15 8
DEBUG:root:Finish turn

DEBUG:root:Order:2 19 1
DEBUG:root:Order:2 4 2
DEBUG:root:Finish turn

DEBUG:root:Order:2 19 1
DEBUG:root:Finish turn

DEBUG:root:Order:2 19 3
DEBUG:root:Finish turn

DEBUG:root:Order:2 19 1
DEBUG:root:Order:2 4 2
DEBUG:root:Finish turn

DEBUG:root:Order:19 10 40.0
DEBUG:root:Order:2 19 11
DEBUG:root:Order:4 19 10
DEBUG:root:Order:15 19 10
DEBUG:root:Finish turn

DEBUG:root:Order:2 19 2
DEBUG:root:Finish turn

DEBUG:root:Order:2 4 2
DEBUG:root:Finish turn

DEBUG:root:Order:15 5 46.0
DEBUG:root:Order:2 15 17
DEBUG:root:Order:4 15 14
DEBUG:root:Finish turn

DEBUG:root:Order:2 4 1
DEBUG:root:Order:2 15 1
DEBUG:root:Finish turn

DEBUG:root:Order:2 19 7
DEBUG:root:Order:15 19 6
DEBUG:root:Order:4 19 4
DEBUG:root:Finish turn

DEBUG:root:Order:2 19 1
DEBUG:root:Order:2 4 2
DEBUG:root:Finish turn

DEBUG:root:Order:2 19 1
DEBUG:root:Finish turn

DEBUG:root:Order:2 19 3
DEBUG:root:Finish turn

DEBUG:root:Order:2 19 1
DEBUG:root:Order:2 4 2
DEBUG:root:Finish turn

DEBUG:root:Order:2 9 26
DEBUG:root:Order:4 9 21
DEBUG:root:Bad order:4 7.0 25
DEBUG:root:Finish turn

DEBUG:root:Order:19 15 20
DEBUG:root:Order:4 15 3
DEBUG:root:Order:2 15 2
DEBUG:root:Order:2 9 1
DEBUG:root:Finish turn

DEBUG:root:Order:2 9 1
DEBUG:root:Order:2 19 1
DEBUG:root:Finish turn

DEBUG:root:Order:2 19 1
DEBUG:root:Order:2 4 2
DEBUG:root:Finish turn

DEBUG:root:Order:2 5 4
DEBUG:root:Order:4 5 3
DEBUG:root:Order:15 5 3
DEBUG:root:Order:9 5 1
DEBUG:root:Finish turn

DEBUG:root:Order:2 19 1
DEBUG:root:Order:2 4 2
DEBUG:root:Order:5 4 1
DEBUG:root:Finish turn

DEBUG:root:Order:5 19 2
DEBUG:root:Order:5 9 1
DEBUG:root:Finish turn

DEBUG:root:Order:15 11 54.0
DEBUG:root:Order:2 15 12
DEBUG:root:Order:5 15 10
DEBUG:root:Order:4 15 9
DEBUG:root:Order:9 15 7
DEBUG:root:Order:19 15 6
DEBUG:root:Finish turn

DEBUG:root:Order:2 19 1
DEBUG:root:Order:2 4 2
DEBUG:root:Order:5 4 2
DEBUG:root:Finish turn

DEBUG:root:Order:4 10 4
DEBUG:root:Order:5 10 4
DEBUG:root:Order:2 10 3
DEBUG:root:Order:2 19 3
DEBUG:root:Order:15 19 1
DEBUG:root:Finish turn

DEBUG:root:Order:5 10 1
DEBUG:root:Order:5 2 2
DEBUG:root:Order:19 2 1
DEBUG:root:Finish turn

DEBUG:root:Order:2 10 8
DEBUG:root:Order:5 10 5
DEBUG:root:Order:15 10 4
DEBUG:root:Order:4 10 2
DEBUG:root:Order:19 10 2
DEBUG:root:Order:19 9 1
DEBUG:root:Finish turn

DEBUG:root:Order:2 11 5
DEBUG:root:Order:5 11 5
DEBUG:root:Order:15 11 3
DEBUG:root:Order:4 11 2
DEBUG:root:Order:9 11 1
DEBUG:root:Order:10 11 1
DEBUG:root:Finish turn

DEBUG:root:Order:2 19 1
DEBUG:root:Order:2 4 2
DEBUG:root:Order:5 4 2
DEBUG:root:Finish turn

DEBUG:root:Order:4 19 2
DEBUG:root:Order:4 9 1
DEBUG:root:Order:4 10 1
DEBUG:root:Finish turn

DEBUG:root:Order:5 4 2
DEBUG:root:Order:5 19 2
DEBUG:root:Order:5 9 1
DEBUG:root:Order:5 10 1
DEBUG:root:Finish turn

DEBUG:root:Order:2 19 2
DEBUG:root:Order:2 4 1
DEBUG:root:Order:2 9 1
DEBUG:root:Order:2 10 1
DEBUG:root:Finish turn

DEBUG:root:Order:11 19 10
DEBUG:root:Order:2 19 8
DEBUG:root:Order:5 19 8
DEBUG:root:Order:15 19 6
DEBUG:root:Order:4 19 4
DEBUG:root:Order:9 19 4
DEBUG:root:Order:10 19 4
DEBUG:root:Finish turn

DEBUG:root:Order:15 13 62.0
DEBUG:root:Order:2 15 10
DEBUG:root:Order:5 15 10
DEBUG:root:Order:11 15 9
DEBUG:root:Order:4 15 7
DEBUG:root:Order:9 15 7
DEBUG:root:Order:19 15 5
DEBUG:root:Finish turn

DEBUG:root:Order:2 15 2
DEBUG:root:Order:5 15 2
DEBUG:root:Order:11 15 1
DEBUG:root:Order:11 19 1
DEBUG:root:Order:11 4 1
DEBUG:root:Finish turn

DEBUG:root:Order:2 9 12
DEBUG:root:Order:5 9 12
DEBUG:root:Order:4 9 9
DEBUG:root:Order:11 9 9
DEBUG:root:Order:19 9 7
DEBUG:root:Finish turn

DEBUG:root:Order:2 9 2
DEBUG:root:Order:2 19 2
DEBUG:root:Order:2 4 1
DEBUG:root:Finish turn

DEBUG:root:Order:5 19 2
DEBUG:root:Order:5 2 1
DEBUG:root:Order:5 4 1
DEBUG:root:Order:5 9 1
DEBUG:root:Finish turn

DEBUG:root:Order:11 19 2
DEBUG:root:Order:11 4 1
DEBUG:root:Order:11 9 1
DEBUG:root:Finish turn

DEBUG:root:Order:2 19 2
DEBUG:root:Order:2 4 1
DEBUG:root:Order:2 9 1
DEBUG:root:Order:2 11 3
DEBUG:root:Order:5 11 2
DEBUG:root:Finish turn

DEBUG:root:Order:19 14 62.0
DEBUG:root:Order:11 19 15
DEBUG:root:Order:5 19 12
DEBUG:root:Order:2 19 8
DEBUG:root:Order:4 19 8
DEBUG:root:Order:9 19 8
DEBUG:root:Finish turn

DEBUG:root:Order:2 19 2
DEBUG:root:Order:5 19 2
DEBUG:root:Order:11 19 1
DEBUG:root:Order:11 4 1
DEBUG:root:Finish turn

DEBUG:root:Order:2 19 2
DEBUG:root:Order:2 9 1
DEBUG:root:Order:2 4 2
DEBUG:root:Order:5 4 2
DEBUG:root:Finish turn

DEBUG:root:Order:4 19 2
DEBUG:root:Order:4 9 1
DEBUG:root:Order:4 2 2
DEBUG:root:Order:5 2 2
DEBUG:root:Order:11 2 1
DEBUG:root:Finish turn

DEBUG:root:Order:2 4 4
DEBUG:root:Order:2 19 3
DEBUG:root:Order:2 9 2
DEBUG:root:Finish turn

DEBUG:root:Order:5 19 2
DEBUG:root:Order:5 2 1
DEBUG:root:Order:5 4 1
DEBUG:root:Order:5 9 1
DEBUG:root:Finish turn

DEBUG:root:Order:9 7 64.0
DEBUG:root:Order:11 9 13
DEBUG:root:Order:2 9 12
DEBUG:root:Order:5 9 11
DEBUG:root:Order:4 9 9
DEBUG:root:Order:19 9 8
DEBUG:root:Finish turn

DEBUG:root:Order:2 13 16
DEBUG:root:Order:5 13 16
DEBUG:root:Order:11 13 15
DEBUG:root:Order:4 13 13
DEBUG:root:Order:19 13 12
DEBUG:root:Order:9 13 11
DEBUG:root:Finish turn

DEBUG:root:Order:2 19 1
DEBUG:root:Order:5 19 1
DEBUG:root:Order:5 4 1
DEBUG:root:Order:5 9 1
DEBUG:root:Finish turn

DEBUG:root:Order:2 19 2
DEBUG:root:Order:2 4 1
DEBUG:root:Order:2 9 1
DEBUG:root:Finish turn

DEBUG:root:Order:5 14 16
DEBUG:root:Order:11 14 16
DEBUG:root:Order:2 14 14
DEBUG:root:Order:4 14 12
DEBUG:root:Order:9 14 12
DEBUG:root:Order:19 14 11
DEBUG:root:Finish turn

DEBUG:root:Order:2 19 2
DEBUG:root:Order:2 4 1
DEBUG:root:Order:2 9 1
DEBUG:root:Order:2 14 1
DEBUG:root:Finish turn

DEBUG:root:Order:5 4 15
DEBUG:root:Order:11 4 13
DEBUG:root:Bad order:14 9.0 12
DEBUG:root:Order:2 4 10
DEBUG:root:Order:19 4 9
DEBUG:root:Finish turn

DEBUG:root:Order:14 4 13
DEBUG:root:Order:2 4 2
DEBUG:root:Order:5 4 1
DEBUG:root:Order:5 19 2
DEBUG:root:Finish turn

DEBUG:root:Order:2 19 1
DEBUG:root:Order:11 19 1
DEBUG:root:Order:11 4 1
DEBUG:root:Finish turn

DEBUG:root:Order:2 19 2
DEBUG:root:Order:5 19 1
DEBUG:root:Order:5 4 2
DEBUG:root:Finish turn

DEBUG:root:Order:4 8 64.0
DEBUG:root:Order:2 4 18
DEBUG:root:Order:14 4 18
DEBUG:root:Order:5 4 13
DEBUG:root:Bad order:5 14.0 17
DEBUG:root:Order:11 19 17
DEBUG:root:Finish turn

DEBUG:root:Order:5 19 5
DEBUG:root:Order:2 19 1
DEBUG:root:Order:2 4 1
DEBUG:root:Order:2 9 1
DEBUG:root:Finish turn

DEBUG:root:Order:5 9 11
DEBUG:root:Order:11 9 10
DEBUG:root:Order:14 9 10
DEBUG:root:Order:2 9 9
DEBUG:root:Order:4 9 7
DEBUG:root:Order:19 9 6
DEBUG:root:Finish turn

DEBUG:root:Order:2 9 2
DEBUG:root:Order:5 9 1
DEBUG:root:Order:5 19 1
DEBUG:root:Order:5 4 2
DEBUG:root:Order:11 4 1
DEBUG:root:Order:14 4 1
DEBUG:root:Finish turn

DEBUG:root:Order:2 19 1
DEBUG:root:Order:4 19 1
DEBUG:root:Finish turn

DEBUG:root:Order:2 7 4
DEBUG:root:Order:5 7 3
DEBUG:root:Order:11 7 3
DEBUG:root:Order:14 7 3
DEBUG:root:Order:4 7 1
DEBUG:root:Finish turn

DEBUG:root:Order:2 7 2
DEBUG:root:Order:5 7 2
DEBUG:root:Order:5 19 2
DEBUG:root:Order:11 19 1
DEBUG:root:Order:11 9 1
DEBUG:root:Order:14 9 1
DEBUG:root:Order:14 4 1
DEBUG:root:Finish turn

DEBUG:root:Order:4 17 69.0
DEBUG:root:Order:2 4 11
DEBUG:root:Order:5 4 9
DEBUG:root:Order:11 4 9
DEBUG:root:Order:14 4 9
DEBUG:root:Order:9 4 7
DEBUG:root:Order:7 4 6
DEBUG:root:Order:19 4 6
DEBUG:root:Finish turn

DEBUG:root:Order:2 4 2
DEBUG:root:Order:5 4 2
DEBUG:root:Order:5 7 1
DEBUG:root:Order:5 19 1
DEBUG:root:Order:5 9 2
DEBUG:root:Order:11 9 1
DEBUG:root:Order:14 9 1
DEBUG:root:Finish turn

DEBUG:root:Order:2 7 2
DEBUG:root:Order:2 19 2
DEBUG:root:Order:2 4 1
DEBUG:root:Order:2 5 1
DEBUG:root:Finish turn

DEBUG:root:Order:11 19 2
DEBUG:root:Order:11 2 1
DEBUG:root:Order:11 4 1
DEBUG:root:Finish turn

DEBUG:root:Order:8 19 7
DEBUG:root:Order:8 4 6
DEBUG:root:Order:8 11 5
DEBUG:root:Order:8 9 4
DEBUG:root:Order:8 2 3
DEBUG:root:Order:8 5 1
DEBUG:root:Order:8 14 1
DEBUG:root:Finish turn

DEBUG:root:Order:2 19 1
DEBUG:root:Order:5 19 1
DEBUG:root:Order:5 4 1
DEBUG:root:Order:5 9 1
DEBUG:root:Order:5 8 1
DEBUG:root:Finish turn

DEBUG:root:Order:9 21 76.0
DEBUG:root:Order:2 9 16
DEBUG:root:Order:11 9 15
DEBUG:root:Order:14 9 15
DEBUG:root:Order:5 9 13
DEBUG:root:Order:4 9 4
DEBUG:root:Order:4 8 12
DEBUG:root:Order:19 8 11
DEBUG:root:Finish turn

DEBUG:root:Order:2 4 2
DEBUG:root:Order:5 4 2
DEBUG:root:Order:5 8 2
DEBUG:root:Order:11 8 1
DEBUG:root:Order:11 9 1
DEBUG:root:Order:11 19 1
DEBUG:root:Finish turn

DEBUG:root:Order:2 8 2
DEBUG:root:Order:2 19 2
DEBUG:root:Order:2 4 1
DEBUG:root:Order:2 9 1
DEBUG:root:Order:2 11 2
DEBUG:root:Order:14 11 2
DEBUG:root:Finish turn

DEBUG:root:Order:4 22 76.0
DEBUG:root:Order:11 4 15
DEBUG:root:Order:5 4 13
DEBUG:root:Order:14 4 12
DEBUG:root:Order:9 4 9
DEBUG:root:Order:19 4 8
DEBUG:root:Order:2 4 7
DEBUG:root:Finish turn

DEBUG:root:Order:2 4 2
DEBUG:root:Order:5 4 1
DEBUG:root:Order:5 19 1
DEBUG:root:Order:5 9 2
DEBUG:root:Order:11 9 1
DEBUG:root:Order:14 9 1
DEBUG:root:Finish turn

DEBUG:root:Order:2 17 14
DEBUG:root:Order:9 17 14
DEBUG:root:Order:11 17 13
DEBUG:root:Order:14 17 13
DEBUG:root:Order:5 17 12
DEBUG:root:Order:4 17 10
DEBUG:root:Order:19 17 9
DEBUG:root:Finish turn

DEBUG:root:Order:2 19 1
DEBUG:root:Order:5 19 1
DEBUG:root:Order:5 4 1
DEBUG:root:Order:5 9 1
DEBUG:root:Finish turn

DEBUG:root:Order:2 14 13
DEBUG:root:Order:11 14 12
DEBUG:root:Order:5 14 11
DEBUG:root:Order:4 14 9
DEBUG:root:Order:9 14 9
DEBUG:root:Order:19 14 8
DEBUG:root:Finish turn

DEBUG:root:Order:2 19 6
DEBUG:root:Order:5 19 6
DEBUG:root:Order:11 19 5
DEBUG:root:Order:14 19 5
DEBUG:root:Order:9 19 3
DEBUG:root:Finish turn

DEBUG:root:Order:2 19 1
DEBUG:root:Order:5 19 1
DEBUG:root:Order:5 9 1
DEBUG:root:Finish turn

DEBUG:root:Order:2 19 2
DEBUG:root:Order:5 19 1
DEBUG:root:Order:5 9 1
DEBUG:root:Order:11 9 1
DEBUG:root:Finish turn

DEBUG:root:Order:2 19 1
DEBUG:root:Order:14 19 1
DEBUG:root:Order:14 9 1
DEBUG:root:Finish turn

DEBUG:root:Order:2 19 2
DEBUG:root:Order:5 19 1
DEBUG:root:Order:5 9 2
DEBUG:root:Finish turn

DEBUG:root:Order:2 19 1
DEBUG:root:Order:11 19 1
DEBUG:root:Order:11 9 1
DEBUG:root:Finish turn

DEBUG:root:Order:2 22 17
DEBUG:root:Order:5 22 17
DEBUG:root:Order:14 22 16
DEBUG:root:Order:11 22 15
DEBUG:root:Order:9 22 13
DEBUG:root:Order:19 22 12
DEBUG:root:Finish turn

DEBUG:root:Order:2 9 11
DEBUG:root:Order:5 9 11
DEBUG:root:Order:11 9 10
DEBUG:root:Order:14 9 10
DEBUG:root:Order:19 9 7
DEBUG:root:Bad order:22 4.0 5
DEBUG:root:Finish turn

DEBUG:root:Order:22 17 7
DEBUG:root:Order:2 17 4
DEBUG:root:Order:5 17 4
DEBUG:root:Order:11 17 3
DEBUG:root:Order:14 17 2
DEBUG:root:Order:14 9 3
DEBUG:root:Finish turn

DEBUG:root:Order:2 9 2
DEBUG:root:Order:5 9 2
DEBUG:root:Order:5 19 1
DEBUG:root:Order:5 14 2
DEBUG:root:Order:11 14 1
DEBUG:root:Order:17 14 1
DEBUG:root:Finish turn

DEBUG:root:Order:14 19 3
DEBUG:root:Order:14 9 2
DEBUG:root:Order:14 5 1
DEBUG:root:Order:14 22 3
DEBUG:root:Order:2 22 1
DEBUG:root:Order:17 22 1
DEBUG:root:Finish turn

DEBUG:root:Order:22 19 7
DEBUG:root:Order:2 19 5
DEBUG:root:Order:17 19 5
DEBUG:root:Order:5 19 4
DEBUG:root:Order:11 19 4
DEBUG:root:Order:9 19 1
DEBUG:root:Finish turn

DEBUG:root:Order:2 19 2
DEBUG:root:Order:5 19 2
DEBUG:root:Order:17 19 1
DEBUG:root:Order:17 9 2
DEBUG:root:Order:11 9 1
DEBUG:root:Finish turn

DEBUG:root:Order:2 14 8
DEBUG:root:Order:5 14 8
DEBUG:root:Order:9 14 7
DEBUG:root:Order:11 14 7
DEBUG:root:Order:17 14 7
DEBUG:root:Order:19 14 3
DEBUG:root:Finish turn

DEBUG:root:Order:2 11 13
DEBUG:root:Order:5 11 13
DEBUG:root:Order:17 11 13
DEBUG:root:Order:9 11 10
DEBUG:root:Order:14 11 10
DEBUG:root:Order:19 11 9
DEBUG:root:Finish turn

DEBUG:root:Order:2 19 1
DEBUG:root:Order:5 19 1
DEBUG:root:Order:5 9 1
DEBUG:root:Order:5 11 1
DEBUG:root:Order:17 11 1
DEBUG:root:Finish turn

DEBUG:root:Order:2 19 1
DEBUG:root:Order:11 19 1
DEBUG:root:Order:17 19 1
DEBUG:root:Order:17 9 1
DEBUG:root:Finish turn

DEBUG:root:Order:2 9 2
DEBUG:root:Order:5 9 1
DEBUG:root:Order:5 19 1
DEBUG:root:Order:11 19 1
DEBUG:root:Order:14 19 1
DEBUG:root:Finish turn

DEBUG:root:Order:17 19 2
DEBUG:root:Order:17 9 1
DEBUG:root:Finish turn

DEBUG:root:Order:2 17 17
DEBUG:root:Order:5 17 16
DEBUG:root:Order:11 17 15
DEBUG:root:Order:14 17 15
DEBUG:root:Order:9 17 12
DEBUG:root:Order:19 17 11
DEBUG:root:Finish turn

DEBUG:root:Order:2 22 3
DEBUG:root:Order:5 22 3
DEBUG:root:Order:17 22 3
DEBUG:root:Order:11 22 2
DEBUG:root:Finish turn

DEBUG:root:Order:2 22 7
DEBUG:root:Order:5 22 7
DEBUG:root:Order:17 22 7
DEBUG:root:Order:11 22 6
DEBUG:root:Order:9 22 4
DEBUG:root:Order:19 22 2
DEBUG:root:Finish turn

DEBUG:root:Order:2 22 2
DEBUG:root:Order:5 22 2
DEBUG:root:Order:5 19 1
DEBUG:root:Order:5 9 2
DEBUG:root:Order:17 9 2
DEBUG:root:Order:11 9 1
DEBUG:root:Finish turn

DEBUG:root:Order:9 2 16
DEBUG:root:Order:17 2 15
DEBUG:root:Order:11 2 14
DEBUG:root:Order:5 2 12
DEBUG:root:Order:22 2 12
DEBUG:root:Order:19 2 10
DEBUG:root:Finish turn

DEBUG:root:Order:2 14 2
DEBUG:root:Order:5 14 2
DEBUG:root:Order:17 14 2
DEBUG:root:Order:11 14 1
DEBUG:root:Order:11 19 1
DEBUG:root:Order:11 9 1
DEBUG:root:Finish turn

DEBUG:root:Order:2 14 11
DEBUG:root:Order:5 14 11
DEBUG:root:Order:17 14 11
DEBUG:root:Order:22 14 9
DEBUG:root:Order:9 14 8
DEBUG:root:Order:11 14 8
DEBUG:root:Order:19 14 6
DEBUG:root:Finish turn

DEBUG:root:Order:2 14 2
DEBUG:root:Order:5 14 2
DEBUG:root:Order:5 19 2
DEBUG:root:Order:5 9 1
DEBUG:root:Finish turn

DEBUG:root:Order:17 19 2
DEBUG:root:Order:17 5 1
DEBUG:root:Order:17 9 1
DEBUG:root:Order:17 22 3
DEBUG:root:Order:2 22 1
DEBUG:root:Order:11 22 1
DEBUG:root:Finish turn

DEBUG:root:Bad order:22 15.0 16
DEBUG:root:Order:2 11 14
DEBUG:root:Order:5 11 13
DEBUG:root:Order:14 11 13
DEBUG:root:Order:9 11 10
DEBUG:root:Order:17 11 10
DEBUG:root:Order:19 11 9
DEBUG:root:Finish turn

DEBUG:root:Bad order:22 22.0 24
DEBUG:root:Order:2 5 10
DEBUG:root:Order:17 5 10
DEBUG:root:Bad order:14 8.0 9
DEBUG:root:Order:9 5 7
DEBUG:root:Order:19 5 6
DEBUG:root:Finish turn

DEBUG:root:Order:22 5 24
DEBUG:root:Bad order:22 10.0 12
DEBUG:root:Order:22 19 2
DEBUG:root:Finish turn

DEBUG:root:Order:14 11 10
DEBUG:root:Order:2 11 1
DEBUG:root:Order:2 19 2
DEBUG:root:Order:2 22 2
DEBUG:root:Finish turn

DEBUG:root:Order:17 22 2
DEBUG:root:Order:17 2 1
DEBUG:root:Order:17 11 1
DEBUG:root:Order:17 14 3
DEBUG:root:Order:5 14 1
DEBUG:root:Finish turn

DEBUG:root:Order:14 17 3
DEBUG:root:Order:14 11 1
DEBUG:root:Finish turn

DEBUG:root:Order:5 14 1
DEBUG:root:Order:5 11 1
DEBUG:root:Finish turn

DEBUG:root:Finish turn

DEBUG:root:Order:2 17 13
DEBUG:root:Order:5 17 12
DEBUG:root:Order:11 17 11
DEBUG:root:Order:14 17 10
DEBUG:root:Finish turn

DEBUG:root:Finish turn

DEBUG:root:Order:2 11 1
DEBUG:root:Order:2 14 1
DEBUG:root:Finish turn

DEBUG:root:Finish turn

DEBUG:root:Order:17 11 1
DEBUG:root:Finish turn

DEBUG:root:Finish turn

DEBUG:root:Order:2 14 1
DEBUG:root:Order:2 11 1
DEBUG:root:Order:17 11 1
DEBUG:root:Finish turn

DEBUG:root:Finish turn

DEBUG:root:Order:2 17 18
DEBUG:root:Order:11 17 18
DEBUG:root:Order:14 17 16
DEBUG:root:Finish turn

DEBUG:root:Order:2 14 33
DEBUG:root:Bad order:17 20.0 33
DEBUG:root:Order:11 14 32
DEBUG:root:Finish turn

DEBUG:root:Bad order:17 25.0 33
DEBUG:root:Bad order:17 25.0 33
DEBUG:root:Finish turn

DEBUG:root:Order:17 14 34
DEBUG:root:Order:17 11 1
DEBUG:root:Finish turn

DEBUG:root:Order:2 11 1
DEBUG:root:Finish turn

DEBUG:root:Order:2 14 1
DEBUG:root:Finish turn

DEBUG:root:Finish turn

DEBUG:root:Order:2 11 31
DEBUG:root:Order:17 11 31
DEBUG:root:Order:14 11 29
DEBUG:root:Finish turn

DEBUG:root:Order:17 2 28
DEBUG:root:Order:14 2 27
DEBUG:root:Order:11 2 24
DEBUG:root:Finish turn

DEBUG:root:Finish turn

DEBUG:root:Order:17 11 1
DEBUG:root:Finish turn

DEBUG:root:Order:2 14 1
DEBUG:root:Finish turn

DEBUG:root:Finish turn

DEBUG:root:Order:2 11 1
DEBUG:root:Finish turn

DEBUG:root:Order:2 14 1
DEBUG:root:Finish turn

DEBUG:root:Finish turn

DEBUG:root:Order:2 11 1
DEBUG:root:Finish turn

DEBUG:root:Order:2 14 1
DEBUG:root:Finish turn

DEBUG:root:Finish turn

DEBUG:root:Order:2 11 1
DEBUG:root:Finish turn

DEBUG:root:Order:2 14 1
DEBUG:root:Finish turn

DEBUG:root:Finish turn

DEBUG:root:Order:2 14 30
DEBUG:root:Order:11 14 28
DEBUG:root:Finish turn

DEBUG:root:Order:11 2 40
DEBUG:root:Order:14 2 39
DEBUG:root:Finish turn

DEBUG:root:Finish turn

DEBUG:root:Finish turn

DEBUG:root:Order:2 11 1
DEBUG:root:Finish turn

DEBUG:root:Order:2 14 1
DEBUG:root:Finish turn

DEBUG:root:Finish turn

DEBUG:root:Order:2 11 1
DEBUG:root:Finish turn

DEBUG:root:Order:2 14 1
DEBUG:root:Finish turn

DEBUG:root:Finish turn

DEBUG:root:Order:2 11 34
DEBUG:root:Order:14 11 32
DEBUG:root:Finish turn

DEBUG:root:Order:2 11 1
DEBUG:root:Finish turn

DEBUG:root:Order:2 11 1
DEBUG:root:Finish turn

DEBUG:root:Finish turn

DEBUG:root:Order:2 11 1
DEBUG:root:Finish turn

DEBUG:root:Finish turn

DEBUG:root:Order:2 11 1
DEBUG:root:Finish turn

DEBUG:root:Order:11 2 21
DEBUG:root:Finish turn

DEBUG:root:Finish turn

DEBUG:root:Order:2 11 1
DEBUG:root:Finish turn

DEBUG:root:Finish turn

DEBUG:root:Order:2 11 1
DEBUG:root:Finish turn

DEBUG:root:Finish turn

DEBUG:root:Order:2 11 1
DEBUG:root:Finish turn

DEBUG:root:Order:11 2 78
DEBUG:root:Finish turn

DEBUG:root:Finish turn

DEBUG:root:Finish turn

DEBUG:root:Order:2 11 1
DEBUG:root:Finish turn

DEBUG:root:Finish turn

DEBUG:root:Order:2 11 1
DEBUG:root:Finish turn

DEBUG:root:Finish turn

DEBUG:root:Order:2 11 1
DEBUG:root:Finish turn

DEBUG:root:Finish turn

DEBUG:root:Finish turn

DEBUG:root:Finish turn

DEBUG:root:Finish turn

DEBUG:root:Finish turn

DEBUG:root:Finish turn

DEBUG:root:Finish turn

DEBUG:root:Finish turn

DEBUG:root:Finish turn

DEBUG:root:Finish turn

DEBUG:root:Finish turn

DEBUG:root:Finish turn

DEBUG:root:Finish turn

DEBUG:root:Finish turn

DEBUG:root:Finish turn

DEBUG:root:Finish turn

DEBUG:root:Finish turn

DEBUG:root:Finish turn

DEBUG:root:Finish turn

DEBUG:root:Finish turn

DEBUG:root:Finish turn

DEBUG:root:Finish turn

DEBUG:root:Finish turn

DEBUG:root:Finish turn

DEBUG:root:Finish turn

DEBUG:root:Finish turn

DEBUG:root:Finish turn

DEBUG:root:Finish turn

DEBUG:root:Finish turn

DEBUG:root:Finish turn

DEBUG:root:Finish turn

DEBUG:root:Finish turn

DEBUG:root:Finish turn

DEBUG:root:Finish turn

